<?xml version="1.0" encoding="UTF-8"?>
<Site BuildName="Win32-mingw32-make"
	BuildStamp="20211121-1026-Experimental"
	Name="81DE"
	Generator="ctest-3.22.0"
	CompilerName="C:/MinGW/bin/mingw32-g++.exe"
	CompilerVersion="6.3.0"
	OSName="Windows"
	Hostname="81DE"
	OSRelease=" Personal"
	OSVersion=" (Build 22000)"
	OSPlatform="AMD64"
	Is64Bits="1"
	VendorString="GenuineIntel"
	VendorID="Intel Corporation"
	FamilyID="6"
	ModelID="14"
	ProcessorCacheSize="-1"
	NumberOfLogicalCPU="8"
	NumberOfPhysicalCPU="4"
	TotalVirtualMemory="12554"
	TotalPhysicalMemory="8101"
	LogicalProcessorsPerPhysical="2"
	ProcessorClockFrequency="1800"
	>
	<Testing>
		<StartDateTime>Nov 21 15:56 India Standard Time</StartDateTime>
		<StartTestTime>1637490379</StartTestTime>
		<TestList/>
		<EndDateTime>Nov 21 15:56 India Standard Time</EndDateTime>
		<EndTestTime>1637490379</EndTestTime>
		<ElapsedMinutes>0</ElapsedMinutes>
	</Testing>
</Site>
